[2025-04-16 13:57:38] [TRACE]   [OmnipathR] Reading JSON from `/data/user/eschwall/.cache/OmnipathR/cache.json` (encoding: UTF-8).
[2025-04-16 13:57:38] [TRACE]   [OmnipathR] JSON validation successful: TRUE
[2025-04-16 13:57:38] [INFO]    [OmnipathR] Initialized cache: `/data/user/eschwall/.cache/OmnipathR`.
[2025-04-16 13:57:38] [INFO]    [OmnipathR] Package `OmnipathR` packaged: 2025-04-15 11:15:21 UTC; eschwall
[2025-04-16 13:57:38] [INFO]    [OmnipathR] Package `OmnipathR` date/publication: NA
[2025-04-16 13:57:38] [INFO]    [OmnipathR] Package `OmnipathR` built: R 4.3.2; ; 2025-04-15 11:15:21 UTC; unix
[2025-04-16 13:57:38] [INFO]    [OmnipathR] Package `OmnipathR` version: 3.15.14
[2025-04-16 13:57:38] [INFO]    [OmnipathR] Package `OmnipathR` repository: NA
[2025-04-16 13:57:38] [INFO]    [OmnipathR] Session info: [version=R version 4.3.2 (2023-10-31); os=Ubuntu 22.04.3 LTS; system=x86_64, linux-gnu; ui=X11; language=(EN); collate=en_US.UTF-8; ctype=en_US.UTF-8; tz=Europe/Berlin; date=2025-04-16; pandoc=NA (via rmarkdown); quarto=1.5.57 @ /opt/quarto-1.5.57/bin/quarto]
[2025-04-16 13:57:38] [INFO]    [OmnipathR] External libraries: [cairo=1.16.0; cairoFT=; pango=1.50.6; png=1.6.37; jpeg=8.0; tiff=LIBTIFF, Version 4.3.0; tcl=8.6.12; curl=7.81.0; zlib=1.2.11; bzlib=1.0.8, 13-Jul-2019; xz=5.2.5; PCRE=10.39 2021-10-29; ICU=70.1; TRE=TRE 0.8.0 R_fixes (BSD); iconv=glibc 2.35; readline=8.1; BLAS=/usr/lib/x86_64-linux-gnu/blas/libblas.so.3.10.0; lapack=/usr/lib/x86_64-linux-gnu/lapack/liblapack.so.3.10.0; lapack_version=3.10.0]
[2025-04-16 13:57:38] [INFO]    [OmnipathR] Loaded packages: abind 1.4-8(2024-09-12); AnnotationDbi 1.64.1(2023-11-03); ape 5.8-1(2024-12-16); aplot 0.2.4(2024-12-17); backports 1.5.0(2024-05-23); Biobase 2.62.0(2023-10-24); BiocGenerics 0.48.1(2023-11-01); BiocParallel 1.36.0(2023-10-24); Biostrings 2.70.3(2024-03-13); bit 4.6.0(2025-03-06); bit64 4.6.0-1(2025-01-16); bitops 1.0-9(2024-10-03); blob 1.2.4(2023-03-17); bslib 0.9.0(2025-01-30); cachem 1.1.0(2024-05-16); cellranger 1.1.0(2016-07-27); checkmate 2.3.2(2024-07-29); cli 3.6.4(2025-02-13); codetools 0.2-20(2024-03-31); colorspace 2.1-1(2024-07-26); cowplot 1.1.3(2024-01-22); crayon 1.5.3(2024-06-20); crosstalk 1.2.1(2023-11-23); curl 6.2.2(2025-03-24); data.table 1.16.4(2024-12-06); DBI 1.2.3(2024-06-02); decoupleR 2.9.7(2025-04-15); DelayedArray 0.28.0(2023-10-24); DESeq2 1.42.1(2024-03-06); digest 0.6.37(2024-08-19); DOSE 3.28.2(2023-12-10); dplyr 1.1.4(2023-11-17); DT 0.33(2024-04-04); enrichplot 1.22.0(2023-10-24); evaluate 1.0.3(2025-01-10); farver 2.1.2(2024-05-13); fastmap 1.2.0(2024-05-15); fastmatch 1.1-6(2024-12-23); fgsea 1.28.0(2023-10-24); forcats 1.0.0(2023-01-29); fs 1.6.6(2025-04-12); generics 0.1.3(2022-07-05); GenomeInfoDb 1.38.8(2024-03-15); GenomeInfoDbData 1.2.11(2024-10-02); GenomicRanges 1.54.1(2023-10-29); ggforce 0.4.2(2024-02-19); ggfun 0.1.8(2024-12-03); ggplot2 3.5.1(2024-04-23); ggplotify 0.1.2(2023-08-09); ggraph 2.2.1(2024-03-07); ggrepel 0.9.6(2024-09-07); ggtree 3.10.1(2024-02-25); glue 1.8.0(2024-09-30); GO.db 3.18.0(2024-10-08); GOSemSim 2.28.1(2024-01-17); graphlayouts 1.2.1(2024-11-18); gridExtra 2.3(2017-09-09); gridGraphics 0.5-1(2020-12-13); gt 0.11.1(2024-10-04); gtable 0.3.6(2024-10-25); HDO.db 0.99.1(2024-10-08); here 1.0.1(2020-12-13); hms 1.1.3(2023-03-21); htmltools 0.5.8.1(2024-04-04); htmlwidgets 1.6.4(2023-12-06); httr 1.4.7(2023-08-15); httr2 1.1.2(2025-03-26); igraph 2.1.4(2025-01-23); IRanges 2.36.0(2023-10-24); janitor 2.2.1(2024-12-22); jquerylib 0.1.4(2021-04-26); jsonlite 2.0.0(2025-03-27); KEGGREST 1.42.0(2023-10-24); knitr 1.50(2025-03-16); labeling 0.4.3(2023-08-29); later 1.4.2(2025-04-08); lattice 0.22-6(2024-03-20); lazyeval 0.2.2(2019-03-15); lifecycle 1.0.4(2023-11-07); locfit 1.5-9.10(2024-06-24); logger 0.4.0(2024-10-22); lubridate 1.9.4(2024-12-08); magrittr 2.0.3(2022-03-30); MASS 7.3-60(2023-05-04); Matrix 1.6-3(2023-11-14); MatrixGenerics 1.14.0(2023-10-24); matrixStats 1.5.0(2025-01-07); memoise 2.0.1(2021-11-26); munsell 0.5.1(2024-04-01); nlme 3.1-167(2025-01-27); OmnipathR 3.15.14(2025-04-15); org.Mm.eg.db 3.18.0(2024-10-10); parallelly 1.43.0(2025-03-24); patchwork 1.3.0(2024-09-16); pillar 1.10.2(2025-04-05); pkgconfig 2.0.3(2019-09-22); plotly 4.10.4(2024-01-13); plyr 1.8.9(2023-10-02); png 0.1-8(2022-11-29); polyclip 1.10-7(2024-07-23); prettyunits 1.2.0(2023-09-24); progress 1.2.3(2023-12-06); purrr 1.0.4(2025-02-05); qvalue 2.34.0(2023-10-24); R.methodsS3 1.8.2(2022-06-13); R.oo 1.27.0(2024-11-01); R.utils 2.13.0(2025-02-24); R6 2.6.1(2025-02-15); rappdirs 0.3.3(2021-01-31); RColorBrewer 1.1-3(2022-04-03); Rcpp 1.0.14(2025-01-12); RCurl 1.98-1.16(2024-07-11); readr 2.1.5(2024-01-10); readxl 1.4.5(2025-03-07); reshape2 1.4.4(2020-04-09); rlang 1.1.6(2025-04-11); rmarkdown 2.29(2024-11-04); rprojroot 2.0.4(2023-11-05); RSQLite 2.3.9(2024-12-03); rvest 1.0.4(2024-02-12); S4Arrays 1.2.1(2024-03-04); S4Vectors 0.40.2(2023-11-23); sass 0.4.10(2025-04-11); scales 1.3.0(2023-11-28); scatterpie 0.2.4(2024-08-28); sessioninfo 1.2.3(2025-02-05); shadowtext 0.1.4(2024-07-18); snakecase 0.11.1(2023-08-27); SparseArray 1.2.4(2024-02-11); stringi 1.8.7(2025-03-27); stringr 1.5.1(2023-11-14); SummarizedExperiment 1.32.0(2023-10-24); tibble 3.2.1(2023-03-20); tidygraph 1.3.1(2024-01-30); tidyr 1.3.1(2024-01-24); tidyselect 1.2.1(2024-03-11); tidytree 0.4.6(2023-12-12); tidyverse 2.0.0(2023-02-22); timechange 0.3.0(2024-01-18); treeio 1.26.0(2023-10-24); tweenr 2.0.3(2024-02-26); tzdb 0.5.0(2025-03-15); vctrs 0.6.5(2023-12-01); viridis 0.6.5(2024-01-29); viridisLite 0.4.2(2023-05-02); vroom 1.6.5(2023-12-05); withr 3.0.2(2024-10-28); xfun 0.52(2025-04-02); XML 3.99-0.18(2025-01-01); xml2 1.3.8(2025-03-14); XVector 0.42.0(2023-10-24); yaml 2.3.10(2024-07-26); yulab.utils 0.1.9(2025-01-07); zip 2.3.2(2025-02-01); zlibbioc 1.48.2(2024-03-13)
[2025-04-16 13:57:38] [INFO]    [OmnipathR] CURL: version: 7.81.0; headers: 7.81.0; ssl_version: OpenSSL/3.0.2; libz_version: 1.2.11; libssh_version: libssh/0.9.6/openssl/zlib; libidn_version: 2.3.2; host: x86_64-pc-linux-gnu; protocols: dict, file, ftp, ftps, gopher, gophers, http, https, imap, imaps, ldap, ldaps, mqtt, pop3, pop3s, rtmp, rtsp, scp, sftp, smb, smbs, smtp, smtps, telnet, tftp; ipv6: TRUE; http2: TRUE; idn: TRUE; url_parser: TRUE
[2025-04-16 13:57:38] [TRACE]   [OmnipathR] Reading JSON from `/data/user/eschwall/R/x86_64-pc-linux-gnu-library/4.3/OmnipathR/db/db_def.json` (encoding: UTF-8).
[2025-04-16 13:57:38] [TRACE]   [OmnipathR] JSON validation successful: TRUE
[2025-04-16 13:57:38] [TRACE]   [OmnipathR] Reading JSON from `/data/user/eschwall/R/x86_64-pc-linux-gnu-library/4.3/OmnipathR/internal/magic_bytes.json` (encoding: UTF-8).
[2025-04-16 13:57:38] [TRACE]   [OmnipathR] JSON validation successful: TRUE
[2025-04-16 13:57:38] [TRACE]   [OmnipathR] Reading JSON from `/data/user/eschwall/R/x86_64-pc-linux-gnu-library/4.3/OmnipathR/internal/urls.json` (encoding: UTF-8).
[2025-04-16 13:57:38] [TRACE]   [OmnipathR] JSON validation successful: TRUE
[2025-04-16 13:57:38] [TRACE]   [OmnipathR] Reading JSON from `/data/user/eschwall/R/x86_64-pc-linux-gnu-library/4.3/OmnipathR/internal/id_types.json` (encoding: UTF-8).
[2025-04-16 13:57:38] [TRACE]   [OmnipathR] JSON validation successful: TRUE
[2025-04-16 13:57:38] [TRACE]   [OmnipathR] Reading JSON from `https://omnipathdb.org/resources` (encoding: UTF-8).
[2025-04-16 13:57:38] [TRACE]   [OmnipathR] JSON validation successful: TRUE
[2025-04-16 13:57:38] [INFO]    [OmnipathR] Loading database `Ensembl and OMA organism names`.
[2025-04-16 13:57:38] [INFO]    [OmnipathR] Looking up in cache `https://www.ensembl.org/info/about/species.html`: key=7332486db7400730697234bad76ca0c8e4d00799, latest version=1.
[2025-04-16 13:57:38] [TRACE]   [OmnipathR] Cache file path: /data/user/eschwall/.cache/OmnipathR/7332486db7400730697234bad76ca0c8e4d00799-1.html
[2025-04-16 13:57:38] [TRACE]   [OmnipathR] Downloading by `generic_downloader`.
[2025-04-16 13:57:38] [TRACE]   [OmnipathR] Looking up in cache: `https://omabrowser.org/All/oma-species.txt`.
[2025-04-16 13:57:38] [TRACE]   [OmnipathR] Loaded data from RDS `/data/user/eschwall/.cache/OmnipathR/30e690cbb55dfc63b5903ab337f34ffc2f4be397-1.rds`.
[2025-04-16 13:57:38] [INFO]    [OmnipathR] Loaded database `Ensembl and OMA organism names`.
[2025-04-16 13:57:38] [TRACE]   [OmnipathR] Processing args for OmniPath query
[2025-04-16 13:57:38] [TRACE]   [OmnipathR] Arguments for OmniPath query: [wide=TRUE,resources=PROGENy,query_type=annotations]
[2025-04-16 13:57:38] [TRACE]   [OmnipathR] Organism(s): 9606
[2025-04-16 13:57:38] [TRACE]   [OmnipathR] Orthology targets: 
[2025-04-16 13:57:39] [TRACE]   [OmnipathR] Reading JSON from `https://omnipathdb.org/resources` (encoding: UTF-8).
[2025-04-16 13:57:39] [TRACE]   [OmnipathR] JSON validation successful: TRUE
[2025-04-16 13:57:39] [TRACE]   [OmnipathR] Looking up in cache: `https://omnipathdb.org/annotations?resources=PROGENy&license=academic`
[2025-04-16 13:57:39] [TRACE]   [OmnipathR] Loaded data from RDS `/data/user/eschwall/.cache/OmnipathR/3492392585ba05414edfae46801492076437d7e7-1.rds`.
[2025-04-16 13:57:39] [INFO]    [OmnipathR] Loaded from cache: `https://omnipathdb.org/annotations?resources=PROGENy&license=academic`
[2025-04-16 13:57:39] [SUCCESS] [OmnipathR] Loaded 700239 annotation records from cache.
[2025-04-16 13:57:40] [INFO]    [OmnipathR] Loading database `Orthologous Matrix (OMA) gene pairs`.
[2025-04-16 13:57:40] [TRACE]   [OmnipathR] Downloading by `generic_downloader`.
[2025-04-16 13:57:40] [TRACE]   [OmnipathR] Looking up in cache: `https://omabrowser.org/All/oma-species.txt`.
[2025-04-16 13:57:40] [TRACE]   [OmnipathR] Loaded data from RDS `/data/user/eschwall/.cache/OmnipathR/30e690cbb55dfc63b5903ab337f34ffc2f4be397-1.rds`.
[2025-04-16 13:57:40] [TRACE]   [OmnipathR] Downloading by `generic_downloader`.
[2025-04-16 13:57:40] [TRACE]   [OmnipathR] Looking up in cache: `https://omabrowser.org/All/oma-species.txt`.
[2025-04-16 13:57:40] [TRACE]   [OmnipathR] Loaded data from RDS `/data/user/eschwall/.cache/OmnipathR/30e690cbb55dfc63b5903ab337f34ffc2f4be397-1.rds`.
[2025-04-16 13:57:40] [TRACE]   [OmnipathR] Downloading by `generic_downloader`.
[2025-04-16 13:57:40] [TRACE]   [OmnipathR] Looking up in cache: `https://omabrowser.org/api/pairs/HUMAN/MOUSE/?format=tsv&xrefs=UniProtKB%2FSwissProt&per_page=2000000`.
[2025-04-16 13:57:40] [TRACE]   [OmnipathR] Loaded data from RDS `/data/user/eschwall/.cache/OmnipathR/8f45b25c384d814c7de210e7ca40b7e35894e4f1-1.rds`.
[2025-04-16 13:57:40] [TRACE]   [OmnipathR] ID translation table: from `uniprot_entry` to `uniprot`, using `uniprot`.
[2025-04-16 13:57:40] [TRACE]   [OmnipathR] Creating ID mapping table from `id` to `accession`, for organism 9606 (only reviewed: TRUE)
[2025-04-16 13:57:40] [TRACE]   [OmnipathR] Loading all UniProt records for organism 9606 (only reviewed: TRUE); fields: id,accession
[2025-04-16 13:57:40] [TRACE]   [OmnipathR] Downloading by `generic_downloader`.
[2025-04-16 13:57:40] [TRACE]   [OmnipathR] Looking up in cache: `https://rest.uniprot.org/uniprotkb/stream?format=tsv&fields=id,accession&query=organism_id:9606%20AND%20reviewed:true`.
[2025-04-16 13:57:40] [TRACE]   [OmnipathR] Loaded data from RDS `/data/user/eschwall/.cache/OmnipathR/6558a1824894a625b8e3f80538cd3aa6e8a44379-1.rds`.
[2025-04-16 13:57:40] [SUCCESS] [OmnipathR] UniProt (rest.uniprot.org): loaded 20417 records from cache
[2025-04-16 13:57:40] [TRACE]   [OmnipathR] Translating complexes: 0 complexes in data.
[2025-04-16 13:57:40] [TRACE]   [OmnipathR] 0 complexes after removing the ones mapping to more than 1 items in target identifier space.
[2025-04-16 13:57:40] [TRACE]   [OmnipathR] Translated 0 complexes to 0.
[2025-04-16 13:57:40] [TRACE]   [OmnipathR] 13774 rows before translation, 13774 uniprot_entry IDs in column `id_organism_a`.
[2025-04-16 13:57:40] [TRACE]   [OmnipathR] 13774 rows after translation; translated 13570 `uniprot_entry` IDs in column `id_organism_a` to 13570 `uniprot` IDs in column `id_organism_a`.
[2025-04-16 13:57:40] [TRACE]   [OmnipathR] ID translation table: from `uniprot_entry` to `uniprot`, using `uniprot`.
[2025-04-16 13:57:40] [TRACE]   [OmnipathR] Creating ID mapping table from `id` to `accession`, for organism 10090 (only reviewed: TRUE)
[2025-04-16 13:57:40] [TRACE]   [OmnipathR] Loading all UniProt records for organism 10090 (only reviewed: TRUE); fields: id,accession
[2025-04-16 13:57:40] [TRACE]   [OmnipathR] Downloading by `generic_downloader`.
[2025-04-16 13:57:40] [TRACE]   [OmnipathR] Looking up in cache: `https://rest.uniprot.org/uniprotkb/stream?format=tsv&fields=id,accession&query=organism_id:10090%20AND%20reviewed:true`.
[2025-04-16 13:57:40] [TRACE]   [OmnipathR] Loaded data from RDS `/data/user/eschwall/.cache/OmnipathR/43ea5f2cdaa9ac7e0e114371af97235cdddd776f-1.rds`.
[2025-04-16 13:57:40] [SUCCESS] [OmnipathR] UniProt (rest.uniprot.org): loaded 17228 records from cache
[2025-04-16 13:57:41] [TRACE]   [OmnipathR] Translating complexes: 0 complexes in data.
[2025-04-16 13:57:41] [TRACE]   [OmnipathR] 0 complexes after removing the ones mapping to more than 1 items in target identifier space.
[2025-04-16 13:57:41] [TRACE]   [OmnipathR] Translated 0 complexes to 0.
[2025-04-16 13:57:41] [TRACE]   [OmnipathR] 13774 rows before translation, 13773 uniprot_entry IDs in column `id_organism_b`.
[2025-04-16 13:57:41] [TRACE]   [OmnipathR] 13774 rows after translation; translated 13273 `uniprot_entry` IDs in column `id_organism_b` to 13273 `uniprot` IDs in column `id_organism_b`.
[2025-04-16 13:57:41] [INFO]    [OmnipathR] Loaded database `Orthologous Matrix (OMA) gene pairs`.
[2025-04-16 13:57:41] [TRACE]   [OmnipathR] ID translation table: from `uniprot` to `genesymbol`, using `uniprot`.
[2025-04-16 13:57:41] [TRACE]   [OmnipathR] Creating ID mapping table from `accession` to `gene_primary`, for organism 10090 (only reviewed: TRUE)
[2025-04-16 13:57:41] [TRACE]   [OmnipathR] Loading all UniProt records for organism 10090 (only reviewed: TRUE); fields: accession,gene_primary
[2025-04-16 13:57:41] [TRACE]   [OmnipathR] Downloading by `generic_downloader`.
[2025-04-16 13:57:41] [TRACE]   [OmnipathR] Looking up in cache: `https://rest.uniprot.org/uniprotkb/stream?format=tsv&fields=accession,gene_primary&query=organism_id:10090%20AND%20reviewed:true`.
[2025-04-16 13:57:41] [TRACE]   [OmnipathR] Loaded data from RDS `/data/user/eschwall/.cache/OmnipathR/3ec84ba713c02573704adb50f1a94dab684df34b-1.rds`.
[2025-04-16 13:57:41] [SUCCESS] [OmnipathR] UniProt (rest.uniprot.org): loaded 17228 records from cache
[2025-04-16 13:57:42] [TRACE]   [OmnipathR] Translating complexes: 0 complexes in data.
[2025-04-16 13:57:42] [TRACE]   [OmnipathR] 0 complexes after removing the ones mapping to more than 1 items in target identifier space.
[2025-04-16 13:57:42] [TRACE]   [OmnipathR] Translated 0 complexes to 0.
[2025-04-16 13:57:42] [TRACE]   [OmnipathR] 164184 rows before translation, 12877 uniprot IDs in column `uniprot`.
[2025-04-16 13:57:42] [TRACE]   [OmnipathR] 164184 rows after translation; translated 12877 `uniprot` IDs in column `uniprot` to 12790 `genesymbol` IDs in column `genesymbol`.
