[2025-04-16 10:01:58] [TRACE]   [OmnipathR] Reading JSON from `/data/user/eschwall/.cache/OmnipathR/cache.json` (encoding: UTF-8).
[2025-04-16 10:01:58] [TRACE]   [OmnipathR] JSON validation successful: TRUE
[2025-04-16 10:01:58] [INFO]    [OmnipathR] Initialized cache: `/data/user/eschwall/.cache/OmnipathR`.
[2025-04-16 10:01:58] [INFO]    [OmnipathR] Package `OmnipathR` packaged: 2025-04-15 11:15:21 UTC; eschwall
[2025-04-16 10:01:58] [INFO]    [OmnipathR] Package `OmnipathR` date/publication: NA
[2025-04-16 10:01:58] [INFO]    [OmnipathR] Package `OmnipathR` built: R 4.3.2; ; 2025-04-15 11:15:21 UTC; unix
[2025-04-16 10:01:58] [INFO]    [OmnipathR] Package `OmnipathR` version: 3.15.14
[2025-04-16 10:01:58] [INFO]    [OmnipathR] Package `OmnipathR` repository: NA
[2025-04-16 10:01:59] [INFO]    [OmnipathR] Session info: [version=R version 4.3.2 (2023-10-31); os=Ubuntu 22.04.3 LTS; system=x86_64, linux-gnu; ui=X11; language=(EN); collate=en_US.UTF-8; ctype=en_US.UTF-8; tz=Europe/Berlin; date=2025-04-16; pandoc=NA (via rmarkdown); quarto=1.5.57 @ /opt/quarto-1.5.57/bin/quarto]
[2025-04-16 10:01:59] [INFO]    [OmnipathR] External libraries: [cairo=1.16.0; cairoFT=; pango=1.50.6; png=1.6.37; jpeg=8.0; tiff=LIBTIFF, Version 4.3.0; tcl=8.6.12; curl=7.81.0; zlib=1.2.11; bzlib=1.0.8, 13-Jul-2019; xz=5.2.5; PCRE=10.39 2021-10-29; ICU=70.1; TRE=TRE 0.8.0 R_fixes (BSD); iconv=glibc 2.35; readline=8.1; BLAS=/usr/lib/x86_64-linux-gnu/blas/libblas.so.3.10.0; lapack=/usr/lib/x86_64-linux-gnu/lapack/liblapack.so.3.10.0; lapack_version=3.10.0]
[2025-04-16 10:01:59] [INFO]    [OmnipathR] Loaded packages: abind 1.4-8(2024-09-12); AnnotationDbi 1.64.1(2023-11-03); backports 1.5.0(2024-05-23); Biobase 2.62.0(2023-10-24); BiocGenerics 0.48.1(2023-11-01); BiocParallel 1.36.0(2023-10-24); Biostrings 2.70.3(2024-03-13); bit 4.6.0(2025-03-06); bit64 4.6.0-1(2025-01-16); bitops 1.0-9(2024-10-03); blob 1.2.4(2023-03-17); cachem 1.1.0(2024-05-16); cellranger 1.1.0(2016-07-27); checkmate 2.3.2(2024-07-29); cli 3.6.4(2025-02-13); codetools 0.2-20(2024-03-31); colorspace 2.1-1(2024-07-26); crayon 1.5.3(2024-06-20); curl 6.2.2(2025-03-24); DBI 1.2.3(2024-06-02); decoupleR 2.9.7(2025-04-15); DelayedArray 0.28.0(2023-10-24); DESeq2 1.42.1(2024-03-06); digest 0.6.37(2024-08-19); dplyr 1.1.4(2023-11-17); evaluate 1.0.3(2025-01-10); fastmap 1.2.0(2024-05-15); forcats 1.0.0(2023-01-29); fs 1.6.6(2025-04-12); generics 0.1.3(2022-07-05); GenomeInfoDb 1.38.8(2024-03-15); GenomeInfoDbData 1.2.11(2024-10-02); GenomicRanges 1.54.1(2023-10-29); ggplot2 3.5.1(2024-04-23); glue 1.8.0(2024-09-30); gtable 0.3.6(2024-10-25); here 1.0.1(2020-12-13); hms 1.1.3(2023-03-21); htmltools 0.5.8.1(2024-04-04); httr 1.4.7(2023-08-15); httr2 1.1.2(2025-03-26); igraph 2.1.4(2025-01-23); IRanges 2.36.0(2023-10-24); jsonlite 2.0.0(2025-03-27); KEGGREST 1.42.0(2023-10-24); knitr 1.50(2025-03-16); later 1.4.2(2025-04-08); lattice 0.22-6(2024-03-20); lifecycle 1.0.4(2023-11-07); locfit 1.5-9.10(2024-06-24); logger 0.4.0(2024-10-22); lubridate 1.9.4(2024-12-08); magrittr 2.0.3(2022-03-30); Matrix 1.6-3(2023-11-14); MatrixGenerics 1.14.0(2023-10-24); matrixStats 1.5.0(2025-01-07); memoise 2.0.1(2021-11-26); munsell 0.5.1(2024-04-01); OmnipathR 3.15.14(2025-04-15); org.Mm.eg.db 3.18.0(2024-10-10); parallelly 1.43.0(2025-03-24); pillar 1.10.2(2025-04-05); pkgconfig 2.0.3(2019-09-22); png 0.1-8(2022-11-29); prettyunits 1.2.0(2023-09-24); progress 1.2.3(2023-12-06); purrr 1.0.4(2025-02-05); R.methodsS3 1.8.2(2022-06-13); R.oo 1.27.0(2024-11-01); R.utils 2.13.0(2025-02-24); R6 2.6.1(2025-02-15); rappdirs 0.3.3(2021-01-31); Rcpp 1.0.14(2025-01-12); RCurl 1.98-1.16(2024-07-11); readr 2.1.5(2024-01-10); readxl 1.4.5(2025-03-07); rlang 1.1.6(2025-04-11); rmarkdown 2.29(2024-11-04); rprojroot 2.0.4(2023-11-05); RSQLite 2.3.9(2024-12-03); rvest 1.0.4(2024-02-12); S4Arrays 1.2.1(2024-03-04); S4Vectors 0.40.2(2023-11-23); scales 1.3.0(2023-11-28); sessioninfo 1.2.3(2025-02-05); SparseArray 1.2.4(2024-02-11); stringi 1.8.7(2025-03-27); stringr 1.5.1(2023-11-14); SummarizedExperiment 1.32.0(2023-10-24); tibble 3.2.1(2023-03-20); tidyr 1.3.1(2024-01-24); tidyselect 1.2.1(2024-03-11); tidyverse 2.0.0(2023-02-22); timechange 0.3.0(2024-01-18); tzdb 0.5.0(2025-03-15); vctrs 0.6.5(2023-12-01); withr 3.0.2(2024-10-28); xfun 0.52(2025-04-02); XML 3.99-0.18(2025-01-01); xml2 1.3.8(2025-03-14); XVector 0.42.0(2023-10-24); yaml 2.3.10(2024-07-26); zip 2.3.2(2025-02-01); zlibbioc 1.48.2(2024-03-13)
[2025-04-16 10:01:59] [INFO]    [OmnipathR] CURL: version: 7.81.0; headers: 7.81.0; ssl_version: OpenSSL/3.0.2; libz_version: 1.2.11; libssh_version: libssh/0.9.6/openssl/zlib; libidn_version: 2.3.2; host: x86_64-pc-linux-gnu; protocols: dict, file, ftp, ftps, gopher, gophers, http, https, imap, imaps, ldap, ldaps, mqtt, pop3, pop3s, rtmp, rtsp, scp, sftp, smb, smbs, smtp, smtps, telnet, tftp; ipv6: TRUE; http2: TRUE; idn: TRUE; url_parser: TRUE
[2025-04-16 10:01:59] [TRACE]   [OmnipathR] Reading JSON from `/data/user/eschwall/R/x86_64-pc-linux-gnu-library/4.3/OmnipathR/db/db_def.json` (encoding: UTF-8).
[2025-04-16 10:01:59] [TRACE]   [OmnipathR] JSON validation successful: TRUE
[2025-04-16 10:01:59] [TRACE]   [OmnipathR] Reading JSON from `/data/user/eschwall/R/x86_64-pc-linux-gnu-library/4.3/OmnipathR/internal/magic_bytes.json` (encoding: UTF-8).
[2025-04-16 10:01:59] [TRACE]   [OmnipathR] JSON validation successful: TRUE
[2025-04-16 10:01:59] [TRACE]   [OmnipathR] Reading JSON from `/data/user/eschwall/R/x86_64-pc-linux-gnu-library/4.3/OmnipathR/internal/urls.json` (encoding: UTF-8).
[2025-04-16 10:01:59] [TRACE]   [OmnipathR] JSON validation successful: TRUE
[2025-04-16 10:01:59] [TRACE]   [OmnipathR] Reading JSON from `/data/user/eschwall/R/x86_64-pc-linux-gnu-library/4.3/OmnipathR/internal/id_types.json` (encoding: UTF-8).
[2025-04-16 10:01:59] [TRACE]   [OmnipathR] JSON validation successful: TRUE
[2025-04-16 10:01:59] [INFO]    [OmnipathR] Loading database `Ensembl and OMA organism names`.
[2025-04-16 10:01:59] [INFO]    [OmnipathR] Looking up in cache `https://www.ensembl.org/info/about/species.html`: key=7332486db7400730697234bad76ca0c8e4d00799, latest version=1.
[2025-04-16 10:01:59] [TRACE]   [OmnipathR] Cache file path: /data/user/eschwall/.cache/OmnipathR/7332486db7400730697234bad76ca0c8e4d00799-1.html
[2025-04-16 10:01:59] [TRACE]   [OmnipathR] Downloading by `generic_downloader`.
[2025-04-16 10:01:59] [TRACE]   [OmnipathR] Looking up in cache: `https://omabrowser.org/All/oma-species.txt`.
[2025-04-16 10:01:59] [TRACE]   [OmnipathR] Loaded data from RDS `/data/user/eschwall/.cache/OmnipathR/30e690cbb55dfc63b5903ab337f34ffc2f4be397-1.rds`.
[2025-04-16 10:01:59] [INFO]    [OmnipathR] Loaded database `Ensembl and OMA organism names`.
[2025-04-16 10:01:59] [TRACE]   [OmnipathR] Processing args for OmniPath query
[2025-04-16 10:01:59] [TRACE]   [OmnipathR] Arguments for OmniPath query: [dorothea_levels=[A,B,C,D],genesymbols=TRUE,organisms=10090,query_type=interactions,datasets=dorothea]
[2025-04-16 10:01:59] [TRACE]   [OmnipathR] Organism(s): 10090
[2025-04-16 10:01:59] [TRACE]   [OmnipathR] Orthology targets: 
[2025-04-16 10:01:59] [TRACE]   [OmnipathR] Looking up in cache: `https://omnipathdb.org/interactions?genesymbols=yes&datasets=dorothea&organisms=10090&dorothea_levels=A,B,C,D&fields=sources,references,curation_effort,dorothea_level&license=academic`
[2025-04-16 10:01:59] [TRACE]   [OmnipathR] Loaded data from RDS `/data/user/eschwall/.cache/OmnipathR/ff347dedf78ef5e38c9c6d8eed291fa901aa3791-1.rds`.
[2025-04-16 10:01:59] [INFO]    [OmnipathR] Loaded from cache: `https://omnipathdb.org/interactions?genesymbols=yes&datasets=dorothea&organisms=10090&dorothea_levels=A,B,C,D&fields=sources,references,curation_effort,dorothea_level&license=academic`
[2025-04-16 10:02:01] [SUCCESS] [OmnipathR] Loaded 234298 interactions from cache.
[2025-04-16 10:25:04] [TRACE]   [OmnipathR] Reading JSON from `https://omnipathdb.org/resources` (encoding: UTF-8).
[2025-04-16 10:25:04] [TRACE]   [OmnipathR] JSON validation successful: TRUE
[2025-04-16 10:25:04] [TRACE]   [OmnipathR] Processing args for OmniPath query
[2025-04-16 10:25:04] [TRACE]   [OmnipathR] Arguments for OmniPath query: [wide=TRUE,resources=PROGENy,query_type=annotations]
[2025-04-16 10:25:04] [TRACE]   [OmnipathR] Organism(s): 9606
[2025-04-16 10:25:04] [TRACE]   [OmnipathR] Orthology targets: 
[2025-04-16 10:25:04] [TRACE]   [OmnipathR] Reading JSON from `https://omnipathdb.org/resources` (encoding: UTF-8).
[2025-04-16 10:25:04] [TRACE]   [OmnipathR] JSON validation successful: TRUE
[2025-04-16 10:25:04] [TRACE]   [OmnipathR] Looking up in cache: `https://omnipathdb.org/annotations?resources=PROGENy&license=academic`
[2025-04-16 10:25:05] [TRACE]   [OmnipathR] Loaded data from RDS `/data/user/eschwall/.cache/OmnipathR/3492392585ba05414edfae46801492076437d7e7-1.rds`.
[2025-04-16 10:25:05] [INFO]    [OmnipathR] Loaded from cache: `https://omnipathdb.org/annotations?resources=PROGENy&license=academic`
[2025-04-16 10:25:05] [SUCCESS] [OmnipathR] Loaded 700239 annotation records from cache.
[2025-04-16 10:25:06] [INFO]    [OmnipathR] Loading database `Orthologous Matrix (OMA) gene pairs`.
[2025-04-16 10:25:06] [TRACE]   [OmnipathR] Downloading by `generic_downloader`.
[2025-04-16 10:25:06] [TRACE]   [OmnipathR] Looking up in cache: `https://omabrowser.org/All/oma-species.txt`.
[2025-04-16 10:25:06] [TRACE]   [OmnipathR] Loaded data from RDS `/data/user/eschwall/.cache/OmnipathR/30e690cbb55dfc63b5903ab337f34ffc2f4be397-1.rds`.
[2025-04-16 10:25:06] [TRACE]   [OmnipathR] Downloading by `generic_downloader`.
[2025-04-16 10:25:06] [TRACE]   [OmnipathR] Looking up in cache: `https://omabrowser.org/All/oma-species.txt`.
[2025-04-16 10:25:06] [TRACE]   [OmnipathR] Loaded data from RDS `/data/user/eschwall/.cache/OmnipathR/30e690cbb55dfc63b5903ab337f34ffc2f4be397-1.rds`.
[2025-04-16 10:25:06] [TRACE]   [OmnipathR] Downloading by `generic_downloader`.
[2025-04-16 10:25:06] [TRACE]   [OmnipathR] Looking up in cache: `https://omabrowser.org/api/pairs/HUMAN/MOUSE/?format=tsv&xrefs=UniProtKB%2FSwissProt&per_page=2000000`.
[2025-04-16 10:25:06] [TRACE]   [OmnipathR] Loaded data from RDS `/data/user/eschwall/.cache/OmnipathR/8f45b25c384d814c7de210e7ca40b7e35894e4f1-1.rds`.
[2025-04-16 10:25:06] [TRACE]   [OmnipathR] ID translation table: from `uniprot_entry` to `uniprot`, using `uniprot`.
[2025-04-16 10:25:06] [TRACE]   [OmnipathR] Creating ID mapping table from `id` to `accession`, for organism 9606 (only reviewed: TRUE)
[2025-04-16 10:25:06] [TRACE]   [OmnipathR] Loading all UniProt records for organism 9606 (only reviewed: TRUE); fields: id,accession
[2025-04-16 10:25:06] [TRACE]   [OmnipathR] Downloading by `generic_downloader`.
[2025-04-16 10:25:06] [TRACE]   [OmnipathR] Looking up in cache: `https://rest.uniprot.org/uniprotkb/stream?format=tsv&fields=id,accession&query=organism_id:9606%20AND%20reviewed:true`.
[2025-04-16 10:25:06] [TRACE]   [OmnipathR] Loaded data from RDS `/data/user/eschwall/.cache/OmnipathR/6558a1824894a625b8e3f80538cd3aa6e8a44379-1.rds`.
[2025-04-16 10:25:06] [SUCCESS] [OmnipathR] UniProt (rest.uniprot.org): loaded 20417 records from cache
[2025-04-16 10:25:06] [TRACE]   [OmnipathR] Translating complexes: 0 complexes in data.
[2025-04-16 10:25:06] [TRACE]   [OmnipathR] 0 complexes after removing the ones mapping to more than 1 items in target identifier space.
[2025-04-16 10:25:06] [TRACE]   [OmnipathR] Translated 0 complexes to 0.
[2025-04-16 10:25:06] [TRACE]   [OmnipathR] 13774 rows before translation, 13774 uniprot_entry IDs in column `id_organism_a`.
[2025-04-16 10:25:06] [TRACE]   [OmnipathR] 13774 rows after translation; translated 13570 `uniprot_entry` IDs in column `id_organism_a` to 13570 `uniprot` IDs in column `id_organism_a`.
[2025-04-16 10:25:06] [TRACE]   [OmnipathR] ID translation table: from `uniprot_entry` to `uniprot`, using `uniprot`.
[2025-04-16 10:25:06] [TRACE]   [OmnipathR] Creating ID mapping table from `id` to `accession`, for organism 10090 (only reviewed: TRUE)
[2025-04-16 10:25:06] [TRACE]   [OmnipathR] Loading all UniProt records for organism 10090 (only reviewed: TRUE); fields: id,accession
[2025-04-16 10:25:06] [TRACE]   [OmnipathR] Downloading by `generic_downloader`.
[2025-04-16 10:25:06] [TRACE]   [OmnipathR] Looking up in cache: `https://rest.uniprot.org/uniprotkb/stream?format=tsv&fields=id,accession&query=organism_id:10090%20AND%20reviewed:true`.
[2025-04-16 10:25:06] [TRACE]   [OmnipathR] Loaded data from RDS `/data/user/eschwall/.cache/OmnipathR/43ea5f2cdaa9ac7e0e114371af97235cdddd776f-1.rds`.
[2025-04-16 10:25:06] [SUCCESS] [OmnipathR] UniProt (rest.uniprot.org): loaded 17228 records from cache
[2025-04-16 10:25:06] [TRACE]   [OmnipathR] Translating complexes: 0 complexes in data.
[2025-04-16 10:25:06] [TRACE]   [OmnipathR] 0 complexes after removing the ones mapping to more than 1 items in target identifier space.
[2025-04-16 10:25:06] [TRACE]   [OmnipathR] Translated 0 complexes to 0.
[2025-04-16 10:25:06] [TRACE]   [OmnipathR] 13774 rows before translation, 13773 uniprot_entry IDs in column `id_organism_b`.
[2025-04-16 10:25:06] [TRACE]   [OmnipathR] 13774 rows after translation; translated 13273 `uniprot_entry` IDs in column `id_organism_b` to 13273 `uniprot` IDs in column `id_organism_b`.
[2025-04-16 10:25:06] [INFO]    [OmnipathR] Loaded database `Orthologous Matrix (OMA) gene pairs`.
[2025-04-16 10:25:06] [TRACE]   [OmnipathR] ID translation table: from `uniprot` to `genesymbol`, using `uniprot`.
[2025-04-16 10:25:06] [TRACE]   [OmnipathR] Creating ID mapping table from `accession` to `gene_primary`, for organism 10090 (only reviewed: TRUE)
[2025-04-16 10:25:06] [TRACE]   [OmnipathR] Loading all UniProt records for organism 10090 (only reviewed: TRUE); fields: accession,gene_primary
[2025-04-16 10:25:06] [TRACE]   [OmnipathR] Downloading by `generic_downloader`.
[2025-04-16 10:25:06] [TRACE]   [OmnipathR] Looking up in cache: `https://rest.uniprot.org/uniprotkb/stream?format=tsv&fields=accession,gene_primary&query=organism_id:10090%20AND%20reviewed:true`.
[2025-04-16 10:25:06] [TRACE]   [OmnipathR] Loaded data from RDS `/data/user/eschwall/.cache/OmnipathR/3ec84ba713c02573704adb50f1a94dab684df34b-1.rds`.
[2025-04-16 10:25:06] [SUCCESS] [OmnipathR] UniProt (rest.uniprot.org): loaded 17228 records from cache
[2025-04-16 10:25:07] [TRACE]   [OmnipathR] Translating complexes: 0 complexes in data.
[2025-04-16 10:25:07] [TRACE]   [OmnipathR] 0 complexes after removing the ones mapping to more than 1 items in target identifier space.
[2025-04-16 10:25:07] [TRACE]   [OmnipathR] Translated 0 complexes to 0.
[2025-04-16 10:25:07] [TRACE]   [OmnipathR] 164184 rows before translation, 12877 uniprot IDs in column `uniprot`.
[2025-04-16 10:25:07] [TRACE]   [OmnipathR] 164184 rows after translation; translated 12877 `uniprot` IDs in column `uniprot` to 12790 `genesymbol` IDs in column `genesymbol`.
[2025-04-16 10:30:09] [TRACE]   [OmnipathR] Removing database `Orthologous Matrix (OMA) gene pairs` (not used in the past 300 seconds)
[2025-04-16 10:39:22] [TRACE]   [OmnipathR] Reading JSON from `https://omnipathdb.org/resources` (encoding: UTF-8).
[2025-04-16 10:39:22] [TRACE]   [OmnipathR] JSON validation successful: TRUE
[2025-04-16 10:39:22] [TRACE]   [OmnipathR] Processing args for OmniPath query
[2025-04-16 10:39:22] [TRACE]   [OmnipathR] Arguments for OmniPath query: [wide=TRUE,resources=PROGENy,query_type=annotations]
[2025-04-16 10:39:22] [TRACE]   [OmnipathR] Organism(s): 9606
[2025-04-16 10:39:22] [TRACE]   [OmnipathR] Orthology targets: 
[2025-04-16 10:39:22] [TRACE]   [OmnipathR] Reading JSON from `https://omnipathdb.org/resources` (encoding: UTF-8).
[2025-04-16 10:39:22] [TRACE]   [OmnipathR] JSON validation successful: TRUE
[2025-04-16 10:39:22] [TRACE]   [OmnipathR] Looking up in cache: `https://omnipathdb.org/annotations?resources=PROGENy&license=academic`
[2025-04-16 10:39:23] [TRACE]   [OmnipathR] Loaded data from RDS `/data/user/eschwall/.cache/OmnipathR/3492392585ba05414edfae46801492076437d7e7-1.rds`.
[2025-04-16 10:39:23] [INFO]    [OmnipathR] Loaded from cache: `https://omnipathdb.org/annotations?resources=PROGENy&license=academic`
[2025-04-16 10:39:23] [SUCCESS] [OmnipathR] Loaded 700239 annotation records from cache.
[2025-04-16 10:39:23] [INFO]    [OmnipathR] Loading database `Orthologous Matrix (OMA) gene pairs`.
[2025-04-16 10:39:23] [TRACE]   [OmnipathR] Downloading by `generic_downloader`.
[2025-04-16 10:39:23] [TRACE]   [OmnipathR] Looking up in cache: `https://omabrowser.org/All/oma-species.txt`.
[2025-04-16 10:39:23] [TRACE]   [OmnipathR] Loaded data from RDS `/data/user/eschwall/.cache/OmnipathR/30e690cbb55dfc63b5903ab337f34ffc2f4be397-1.rds`.
[2025-04-16 10:39:23] [TRACE]   [OmnipathR] Downloading by `generic_downloader`.
[2025-04-16 10:39:23] [TRACE]   [OmnipathR] Looking up in cache: `https://omabrowser.org/All/oma-species.txt`.
[2025-04-16 10:39:23] [TRACE]   [OmnipathR] Loaded data from RDS `/data/user/eschwall/.cache/OmnipathR/30e690cbb55dfc63b5903ab337f34ffc2f4be397-1.rds`.
[2025-04-16 10:39:23] [TRACE]   [OmnipathR] Downloading by `generic_downloader`.
[2025-04-16 10:39:23] [TRACE]   [OmnipathR] Looking up in cache: `https://omabrowser.org/api/pairs/HUMAN/MOUSE/?format=tsv&xrefs=UniProtKB%2FSwissProt&per_page=2000000`.
[2025-04-16 10:39:23] [TRACE]   [OmnipathR] Loaded data from RDS `/data/user/eschwall/.cache/OmnipathR/8f45b25c384d814c7de210e7ca40b7e35894e4f1-1.rds`.
[2025-04-16 10:39:23] [TRACE]   [OmnipathR] ID translation table: from `uniprot_entry` to `uniprot`, using `uniprot`.
[2025-04-16 10:39:23] [TRACE]   [OmnipathR] Creating ID mapping table from `id` to `accession`, for organism 9606 (only reviewed: TRUE)
[2025-04-16 10:39:23] [TRACE]   [OmnipathR] Loading all UniProt records for organism 9606 (only reviewed: TRUE); fields: id,accession
[2025-04-16 10:39:23] [TRACE]   [OmnipathR] Downloading by `generic_downloader`.
[2025-04-16 10:39:23] [TRACE]   [OmnipathR] Looking up in cache: `https://rest.uniprot.org/uniprotkb/stream?format=tsv&fields=id,accession&query=organism_id:9606%20AND%20reviewed:true`.
[2025-04-16 10:39:23] [TRACE]   [OmnipathR] Loaded data from RDS `/data/user/eschwall/.cache/OmnipathR/6558a1824894a625b8e3f80538cd3aa6e8a44379-1.rds`.
[2025-04-16 10:39:23] [SUCCESS] [OmnipathR] UniProt (rest.uniprot.org): loaded 20417 records from cache
[2025-04-16 10:39:24] [TRACE]   [OmnipathR] Translating complexes: 0 complexes in data.
[2025-04-16 10:39:24] [TRACE]   [OmnipathR] 0 complexes after removing the ones mapping to more than 1 items in target identifier space.
[2025-04-16 10:39:24] [TRACE]   [OmnipathR] Translated 0 complexes to 0.
[2025-04-16 10:39:24] [TRACE]   [OmnipathR] 13774 rows before translation, 13774 uniprot_entry IDs in column `id_organism_a`.
[2025-04-16 10:39:24] [TRACE]   [OmnipathR] 13774 rows after translation; translated 13570 `uniprot_entry` IDs in column `id_organism_a` to 13570 `uniprot` IDs in column `id_organism_a`.
[2025-04-16 10:39:24] [TRACE]   [OmnipathR] ID translation table: from `uniprot_entry` to `uniprot`, using `uniprot`.
[2025-04-16 10:39:24] [TRACE]   [OmnipathR] Creating ID mapping table from `id` to `accession`, for organism 10090 (only reviewed: TRUE)
[2025-04-16 10:39:24] [TRACE]   [OmnipathR] Loading all UniProt records for organism 10090 (only reviewed: TRUE); fields: id,accession
[2025-04-16 10:39:24] [TRACE]   [OmnipathR] Downloading by `generic_downloader`.
[2025-04-16 10:39:24] [TRACE]   [OmnipathR] Looking up in cache: `https://rest.uniprot.org/uniprotkb/stream?format=tsv&fields=id,accession&query=organism_id:10090%20AND%20reviewed:true`.
[2025-04-16 10:39:24] [TRACE]   [OmnipathR] Loaded data from RDS `/data/user/eschwall/.cache/OmnipathR/43ea5f2cdaa9ac7e0e114371af97235cdddd776f-1.rds`.
[2025-04-16 10:39:24] [SUCCESS] [OmnipathR] UniProt (rest.uniprot.org): loaded 17228 records from cache
[2025-04-16 10:39:24] [TRACE]   [OmnipathR] Translating complexes: 0 complexes in data.
[2025-04-16 10:39:24] [TRACE]   [OmnipathR] 0 complexes after removing the ones mapping to more than 1 items in target identifier space.
[2025-04-16 10:39:24] [TRACE]   [OmnipathR] Translated 0 complexes to 0.
[2025-04-16 10:39:24] [TRACE]   [OmnipathR] 13774 rows before translation, 13773 uniprot_entry IDs in column `id_organism_b`.
[2025-04-16 10:39:24] [TRACE]   [OmnipathR] 13774 rows after translation; translated 13273 `uniprot_entry` IDs in column `id_organism_b` to 13273 `uniprot` IDs in column `id_organism_b`.
[2025-04-16 10:39:24] [INFO]    [OmnipathR] Loaded database `Orthologous Matrix (OMA) gene pairs`.
[2025-04-16 10:39:24] [TRACE]   [OmnipathR] ID translation table: from `uniprot` to `genesymbol`, using `uniprot`.
[2025-04-16 10:39:24] [TRACE]   [OmnipathR] Creating ID mapping table from `accession` to `gene_primary`, for organism 10090 (only reviewed: TRUE)
[2025-04-16 10:39:24] [TRACE]   [OmnipathR] Loading all UniProt records for organism 10090 (only reviewed: TRUE); fields: accession,gene_primary
[2025-04-16 10:39:24] [TRACE]   [OmnipathR] Downloading by `generic_downloader`.
[2025-04-16 10:39:24] [TRACE]   [OmnipathR] Looking up in cache: `https://rest.uniprot.org/uniprotkb/stream?format=tsv&fields=accession,gene_primary&query=organism_id:10090%20AND%20reviewed:true`.
[2025-04-16 10:39:24] [TRACE]   [OmnipathR] Loaded data from RDS `/data/user/eschwall/.cache/OmnipathR/3ec84ba713c02573704adb50f1a94dab684df34b-1.rds`.
[2025-04-16 10:39:24] [SUCCESS] [OmnipathR] UniProt (rest.uniprot.org): loaded 17228 records from cache
[2025-04-16 10:39:24] [TRACE]   [OmnipathR] Translating complexes: 0 complexes in data.
[2025-04-16 10:39:24] [TRACE]   [OmnipathR] 0 complexes after removing the ones mapping to more than 1 items in target identifier space.
[2025-04-16 10:39:24] [TRACE]   [OmnipathR] Translated 0 complexes to 0.
[2025-04-16 10:39:24] [TRACE]   [OmnipathR] 164184 rows before translation, 12877 uniprot IDs in column `uniprot`.
[2025-04-16 10:39:24] [TRACE]   [OmnipathR] 164184 rows after translation; translated 12877 `uniprot` IDs in column `uniprot` to 12790 `genesymbol` IDs in column `genesymbol`.
[2025-04-16 10:39:25] [TRACE]   [OmnipathR] Reading JSON from `https://omnipathdb.org/resources` (encoding: UTF-8).
[2025-04-16 10:39:25] [TRACE]   [OmnipathR] JSON validation successful: TRUE
[2025-04-16 10:39:25] [TRACE]   [OmnipathR] Processing args for OmniPath query
[2025-04-16 10:39:25] [TRACE]   [OmnipathR] Arguments for OmniPath query: [wide=TRUE,resources=PROGENy,query_type=annotations]
[2025-04-16 10:39:25] [TRACE]   [OmnipathR] Organism(s): 9606
[2025-04-16 10:39:25] [TRACE]   [OmnipathR] Orthology targets: 
[2025-04-16 10:39:25] [TRACE]   [OmnipathR] Reading JSON from `https://omnipathdb.org/resources` (encoding: UTF-8).
[2025-04-16 10:39:25] [TRACE]   [OmnipathR] JSON validation successful: TRUE
[2025-04-16 10:39:25] [TRACE]   [OmnipathR] Looking up in cache: `https://omnipathdb.org/annotations?resources=PROGENy&license=academic`
[2025-04-16 10:39:26] [TRACE]   [OmnipathR] Loaded data from RDS `/data/user/eschwall/.cache/OmnipathR/3492392585ba05414edfae46801492076437d7e7-1.rds`.
[2025-04-16 10:39:26] [INFO]    [OmnipathR] Loaded from cache: `https://omnipathdb.org/annotations?resources=PROGENy&license=academic`
[2025-04-16 10:39:26] [SUCCESS] [OmnipathR] Loaded 700239 annotation records from cache.
[2025-04-16 10:39:27] [TRACE]   [OmnipathR] ID translation table: from `uniprot` to `genesymbol`, using `uniprot`.
[2025-04-16 10:39:27] [TRACE]   [OmnipathR] Creating ID mapping table from `accession` to `gene_primary`, for organism 10090 (only reviewed: TRUE)
[2025-04-16 10:39:27] [TRACE]   [OmnipathR] Loading all UniProt records for organism 10090 (only reviewed: TRUE); fields: accession,gene_primary
[2025-04-16 10:39:27] [TRACE]   [OmnipathR] Downloading by `generic_downloader`.
[2025-04-16 10:39:27] [TRACE]   [OmnipathR] Looking up in cache: `https://rest.uniprot.org/uniprotkb/stream?format=tsv&fields=accession,gene_primary&query=organism_id:10090%20AND%20reviewed:true`.
[2025-04-16 10:39:27] [TRACE]   [OmnipathR] Loaded data from RDS `/data/user/eschwall/.cache/OmnipathR/3ec84ba713c02573704adb50f1a94dab684df34b-1.rds`.
[2025-04-16 10:39:27] [SUCCESS] [OmnipathR] UniProt (rest.uniprot.org): loaded 17228 records from cache
[2025-04-16 10:39:27] [TRACE]   [OmnipathR] Translating complexes: 0 complexes in data.
[2025-04-16 10:39:27] [TRACE]   [OmnipathR] 0 complexes after removing the ones mapping to more than 1 items in target identifier space.
[2025-04-16 10:39:27] [TRACE]   [OmnipathR] Translated 0 complexes to 0.
[2025-04-16 10:39:27] [TRACE]   [OmnipathR] 164184 rows before translation, 12877 uniprot IDs in column `uniprot`.
[2025-04-16 10:39:27] [TRACE]   [OmnipathR] 164184 rows after translation; translated 12877 `uniprot` IDs in column `uniprot` to 12790 `genesymbol` IDs in column `genesymbol`.
[2025-04-16 10:39:28] [TRACE]   [OmnipathR] Reading JSON from `https://omnipathdb.org/resources` (encoding: UTF-8).
[2025-04-16 10:39:28] [TRACE]   [OmnipathR] JSON validation successful: TRUE
[2025-04-16 10:39:28] [TRACE]   [OmnipathR] Processing args for OmniPath query
[2025-04-16 10:39:28] [TRACE]   [OmnipathR] Arguments for OmniPath query: [wide=TRUE,resources=PROGENy,query_type=annotations]
[2025-04-16 10:39:28] [TRACE]   [OmnipathR] Organism(s): 9606
[2025-04-16 10:39:28] [TRACE]   [OmnipathR] Orthology targets: 
[2025-04-16 10:39:28] [TRACE]   [OmnipathR] Reading JSON from `https://omnipathdb.org/resources` (encoding: UTF-8).
[2025-04-16 10:39:28] [TRACE]   [OmnipathR] JSON validation successful: TRUE
[2025-04-16 10:39:28] [TRACE]   [OmnipathR] Looking up in cache: `https://omnipathdb.org/annotations?resources=PROGENy&license=academic`
[2025-04-16 10:39:29] [TRACE]   [OmnipathR] Loaded data from RDS `/data/user/eschwall/.cache/OmnipathR/3492392585ba05414edfae46801492076437d7e7-1.rds`.
[2025-04-16 10:39:29] [INFO]    [OmnipathR] Loaded from cache: `https://omnipathdb.org/annotations?resources=PROGENy&license=academic`
[2025-04-16 10:39:29] [SUCCESS] [OmnipathR] Loaded 700239 annotation records from cache.
[2025-04-16 10:39:29] [TRACE]   [OmnipathR] ID translation table: from `uniprot` to `genesymbol`, using `uniprot`.
[2025-04-16 10:39:29] [TRACE]   [OmnipathR] Creating ID mapping table from `accession` to `gene_primary`, for organism 10090 (only reviewed: TRUE)
[2025-04-16 10:39:29] [TRACE]   [OmnipathR] Loading all UniProt records for organism 10090 (only reviewed: TRUE); fields: accession,gene_primary
[2025-04-16 10:39:29] [TRACE]   [OmnipathR] Downloading by `generic_downloader`.
[2025-04-16 10:39:29] [TRACE]   [OmnipathR] Looking up in cache: `https://rest.uniprot.org/uniprotkb/stream?format=tsv&fields=accession,gene_primary&query=organism_id:10090%20AND%20reviewed:true`.
[2025-04-16 10:39:29] [TRACE]   [OmnipathR] Loaded data from RDS `/data/user/eschwall/.cache/OmnipathR/3ec84ba713c02573704adb50f1a94dab684df34b-1.rds`.
[2025-04-16 10:39:29] [SUCCESS] [OmnipathR] UniProt (rest.uniprot.org): loaded 17228 records from cache
[2025-04-16 10:39:30] [TRACE]   [OmnipathR] Translating complexes: 0 complexes in data.
[2025-04-16 10:39:30] [TRACE]   [OmnipathR] 0 complexes after removing the ones mapping to more than 1 items in target identifier space.
[2025-04-16 10:39:30] [TRACE]   [OmnipathR] Translated 0 complexes to 0.
[2025-04-16 10:39:30] [TRACE]   [OmnipathR] 164184 rows before translation, 12877 uniprot IDs in column `uniprot`.
[2025-04-16 10:39:30] [TRACE]   [OmnipathR] 164184 rows after translation; translated 12877 `uniprot` IDs in column `uniprot` to 12790 `genesymbol` IDs in column `genesymbol`.
[2025-04-16 10:44:32] [TRACE]   [OmnipathR] Removing database `Orthologous Matrix (OMA) gene pairs` (not used in the past 300 seconds)
[2025-04-16 10:58:55] [TRACE]   [OmnipathR] Reading JSON from `https://omnipathdb.org/resources` (encoding: UTF-8).
[2025-04-16 10:58:55] [TRACE]   [OmnipathR] JSON validation successful: TRUE
[2025-04-16 10:58:55] [TRACE]   [OmnipathR] Processing args for OmniPath query
[2025-04-16 10:58:55] [TRACE]   [OmnipathR] Arguments for OmniPath query: [wide=TRUE,resources=PROGENy,query_type=annotations]
[2025-04-16 10:58:55] [TRACE]   [OmnipathR] Organism(s): 9606
[2025-04-16 10:58:55] [TRACE]   [OmnipathR] Orthology targets: 
[2025-04-16 10:58:56] [TRACE]   [OmnipathR] Reading JSON from `https://omnipathdb.org/resources` (encoding: UTF-8).
[2025-04-16 10:58:56] [TRACE]   [OmnipathR] JSON validation successful: TRUE
[2025-04-16 10:58:56] [TRACE]   [OmnipathR] Looking up in cache: `https://omnipathdb.org/annotations?resources=PROGENy&license=academic`
[2025-04-16 10:58:56] [TRACE]   [OmnipathR] Loaded data from RDS `/data/user/eschwall/.cache/OmnipathR/3492392585ba05414edfae46801492076437d7e7-1.rds`.
[2025-04-16 10:58:56] [INFO]    [OmnipathR] Loaded from cache: `https://omnipathdb.org/annotations?resources=PROGENy&license=academic`
[2025-04-16 10:58:56] [SUCCESS] [OmnipathR] Loaded 700239 annotation records from cache.
[2025-04-16 10:58:56] [INFO]    [OmnipathR] Loading database `Orthologous Matrix (OMA) gene pairs`.
[2025-04-16 10:58:56] [TRACE]   [OmnipathR] Downloading by `generic_downloader`.
[2025-04-16 10:58:56] [TRACE]   [OmnipathR] Looking up in cache: `https://omabrowser.org/All/oma-species.txt`.
[2025-04-16 10:58:56] [TRACE]   [OmnipathR] Loaded data from RDS `/data/user/eschwall/.cache/OmnipathR/30e690cbb55dfc63b5903ab337f34ffc2f4be397-1.rds`.
[2025-04-16 10:58:56] [TRACE]   [OmnipathR] Downloading by `generic_downloader`.
[2025-04-16 10:58:56] [TRACE]   [OmnipathR] Looking up in cache: `https://omabrowser.org/All/oma-species.txt`.
[2025-04-16 10:58:56] [TRACE]   [OmnipathR] Loaded data from RDS `/data/user/eschwall/.cache/OmnipathR/30e690cbb55dfc63b5903ab337f34ffc2f4be397-1.rds`.
[2025-04-16 10:58:56] [TRACE]   [OmnipathR] Downloading by `generic_downloader`.
[2025-04-16 10:58:56] [TRACE]   [OmnipathR] Looking up in cache: `https://omabrowser.org/api/pairs/HUMAN/MOUSE/?format=tsv&xrefs=UniProtKB%2FSwissProt&per_page=2000000`.
[2025-04-16 10:58:56] [TRACE]   [OmnipathR] Loaded data from RDS `/data/user/eschwall/.cache/OmnipathR/8f45b25c384d814c7de210e7ca40b7e35894e4f1-1.rds`.
[2025-04-16 10:58:56] [TRACE]   [OmnipathR] ID translation table: from `uniprot_entry` to `uniprot`, using `uniprot`.
[2025-04-16 10:58:56] [TRACE]   [OmnipathR] Creating ID mapping table from `id` to `accession`, for organism 9606 (only reviewed: TRUE)
[2025-04-16 10:58:56] [TRACE]   [OmnipathR] Loading all UniProt records for organism 9606 (only reviewed: TRUE); fields: id,accession
[2025-04-16 10:58:56] [TRACE]   [OmnipathR] Downloading by `generic_downloader`.
[2025-04-16 10:58:56] [TRACE]   [OmnipathR] Looking up in cache: `https://rest.uniprot.org/uniprotkb/stream?format=tsv&fields=id,accession&query=organism_id:9606%20AND%20reviewed:true`.
[2025-04-16 10:58:56] [TRACE]   [OmnipathR] Loaded data from RDS `/data/user/eschwall/.cache/OmnipathR/6558a1824894a625b8e3f80538cd3aa6e8a44379-1.rds`.
[2025-04-16 10:58:56] [SUCCESS] [OmnipathR] UniProt (rest.uniprot.org): loaded 20417 records from cache
[2025-04-16 10:58:57] [TRACE]   [OmnipathR] Translating complexes: 0 complexes in data.
[2025-04-16 10:58:57] [TRACE]   [OmnipathR] 0 complexes after removing the ones mapping to more than 1 items in target identifier space.
[2025-04-16 10:58:57] [TRACE]   [OmnipathR] Translated 0 complexes to 0.
[2025-04-16 10:58:57] [TRACE]   [OmnipathR] 13774 rows before translation, 13774 uniprot_entry IDs in column `id_organism_a`.
[2025-04-16 10:58:57] [TRACE]   [OmnipathR] 13774 rows after translation; translated 13570 `uniprot_entry` IDs in column `id_organism_a` to 13570 `uniprot` IDs in column `id_organism_a`.
[2025-04-16 10:58:57] [TRACE]   [OmnipathR] ID translation table: from `uniprot_entry` to `uniprot`, using `uniprot`.
[2025-04-16 10:58:57] [TRACE]   [OmnipathR] Creating ID mapping table from `id` to `accession`, for organism 10090 (only reviewed: TRUE)
[2025-04-16 10:58:57] [TRACE]   [OmnipathR] Loading all UniProt records for organism 10090 (only reviewed: TRUE); fields: id,accession
[2025-04-16 10:58:57] [TRACE]   [OmnipathR] Downloading by `generic_downloader`.
[2025-04-16 10:58:57] [TRACE]   [OmnipathR] Looking up in cache: `https://rest.uniprot.org/uniprotkb/stream?format=tsv&fields=id,accession&query=organism_id:10090%20AND%20reviewed:true`.
[2025-04-16 10:58:57] [TRACE]   [OmnipathR] Loaded data from RDS `/data/user/eschwall/.cache/OmnipathR/43ea5f2cdaa9ac7e0e114371af97235cdddd776f-1.rds`.
[2025-04-16 10:58:57] [SUCCESS] [OmnipathR] UniProt (rest.uniprot.org): loaded 17228 records from cache
[2025-04-16 10:58:57] [TRACE]   [OmnipathR] Translating complexes: 0 complexes in data.
[2025-04-16 10:58:57] [TRACE]   [OmnipathR] 0 complexes after removing the ones mapping to more than 1 items in target identifier space.
[2025-04-16 10:58:57] [TRACE]   [OmnipathR] Translated 0 complexes to 0.
[2025-04-16 10:58:57] [TRACE]   [OmnipathR] 13774 rows before translation, 13773 uniprot_entry IDs in column `id_organism_b`.
[2025-04-16 10:58:57] [TRACE]   [OmnipathR] 13774 rows after translation; translated 13273 `uniprot_entry` IDs in column `id_organism_b` to 13273 `uniprot` IDs in column `id_organism_b`.
[2025-04-16 10:58:57] [INFO]    [OmnipathR] Loaded database `Orthologous Matrix (OMA) gene pairs`.
[2025-04-16 10:58:57] [TRACE]   [OmnipathR] ID translation table: from `uniprot` to `genesymbol`, using `uniprot`.
[2025-04-16 10:58:57] [TRACE]   [OmnipathR] Creating ID mapping table from `accession` to `gene_primary`, for organism 10090 (only reviewed: TRUE)
[2025-04-16 10:58:57] [TRACE]   [OmnipathR] Loading all UniProt records for organism 10090 (only reviewed: TRUE); fields: accession,gene_primary
[2025-04-16 10:58:57] [TRACE]   [OmnipathR] Downloading by `generic_downloader`.
[2025-04-16 10:58:57] [TRACE]   [OmnipathR] Looking up in cache: `https://rest.uniprot.org/uniprotkb/stream?format=tsv&fields=accession,gene_primary&query=organism_id:10090%20AND%20reviewed:true`.
[2025-04-16 10:58:57] [TRACE]   [OmnipathR] Loaded data from RDS `/data/user/eschwall/.cache/OmnipathR/3ec84ba713c02573704adb50f1a94dab684df34b-1.rds`.
[2025-04-16 10:58:57] [SUCCESS] [OmnipathR] UniProt (rest.uniprot.org): loaded 17228 records from cache
[2025-04-16 10:58:57] [TRACE]   [OmnipathR] Translating complexes: 0 complexes in data.
[2025-04-16 10:58:57] [TRACE]   [OmnipathR] 0 complexes after removing the ones mapping to more than 1 items in target identifier space.
[2025-04-16 10:58:57] [TRACE]   [OmnipathR] Translated 0 complexes to 0.
[2025-04-16 10:58:57] [TRACE]   [OmnipathR] 164184 rows before translation, 12877 uniprot IDs in column `uniprot`.
[2025-04-16 10:58:57] [TRACE]   [OmnipathR] 164184 rows after translation; translated 12877 `uniprot` IDs in column `uniprot` to 12790 `genesymbol` IDs in column `genesymbol`.
[2025-04-16 11:04:05] [TRACE]   [OmnipathR] Removing database `Orthologous Matrix (OMA) gene pairs` (not used in the past 300 seconds)
[2025-04-16 11:26:18] [TRACE]   [OmnipathR] Reading JSON from `https://omnipathdb.org/resources` (encoding: UTF-8).
[2025-04-16 11:26:18] [TRACE]   [OmnipathR] JSON validation successful: TRUE
[2025-04-16 11:26:18] [TRACE]   [OmnipathR] Processing args for OmniPath query
[2025-04-16 11:26:18] [TRACE]   [OmnipathR] Arguments for OmniPath query: [wide=TRUE,resources=PROGENy,query_type=annotations]
[2025-04-16 11:26:18] [TRACE]   [OmnipathR] Organism(s): 9606
[2025-04-16 11:26:18] [TRACE]   [OmnipathR] Orthology targets: 
[2025-04-16 11:26:18] [TRACE]   [OmnipathR] Reading JSON from `https://omnipathdb.org/resources` (encoding: UTF-8).
[2025-04-16 11:26:18] [TRACE]   [OmnipathR] JSON validation successful: TRUE
[2025-04-16 11:26:18] [TRACE]   [OmnipathR] Looking up in cache: `https://omnipathdb.org/annotations?resources=PROGENy&license=academic`
[2025-04-16 11:26:19] [TRACE]   [OmnipathR] Loaded data from RDS `/data/user/eschwall/.cache/OmnipathR/3492392585ba05414edfae46801492076437d7e7-1.rds`.
[2025-04-16 11:26:19] [INFO]    [OmnipathR] Loaded from cache: `https://omnipathdb.org/annotations?resources=PROGENy&license=academic`
[2025-04-16 11:26:19] [SUCCESS] [OmnipathR] Loaded 700239 annotation records from cache.
[2025-04-16 11:26:19] [INFO]    [OmnipathR] Loading database `Orthologous Matrix (OMA) gene pairs`.
[2025-04-16 11:26:19] [TRACE]   [OmnipathR] Downloading by `generic_downloader`.
[2025-04-16 11:26:19] [TRACE]   [OmnipathR] Looking up in cache: `https://omabrowser.org/All/oma-species.txt`.
[2025-04-16 11:26:19] [TRACE]   [OmnipathR] Loaded data from RDS `/data/user/eschwall/.cache/OmnipathR/30e690cbb55dfc63b5903ab337f34ffc2f4be397-1.rds`.
[2025-04-16 11:26:19] [TRACE]   [OmnipathR] Downloading by `generic_downloader`.
[2025-04-16 11:26:19] [TRACE]   [OmnipathR] Looking up in cache: `https://omabrowser.org/All/oma-species.txt`.
[2025-04-16 11:26:19] [TRACE]   [OmnipathR] Loaded data from RDS `/data/user/eschwall/.cache/OmnipathR/30e690cbb55dfc63b5903ab337f34ffc2f4be397-1.rds`.
[2025-04-16 11:26:19] [TRACE]   [OmnipathR] Downloading by `generic_downloader`.
[2025-04-16 11:26:19] [TRACE]   [OmnipathR] Looking up in cache: `https://omabrowser.org/api/pairs/HUMAN/MOUSE/?format=tsv&xrefs=UniProtKB%2FSwissProt&per_page=2000000`.
[2025-04-16 11:26:19] [TRACE]   [OmnipathR] Loaded data from RDS `/data/user/eschwall/.cache/OmnipathR/8f45b25c384d814c7de210e7ca40b7e35894e4f1-1.rds`.
[2025-04-16 11:26:19] [TRACE]   [OmnipathR] ID translation table: from `uniprot_entry` to `uniprot`, using `uniprot`.
[2025-04-16 11:26:19] [TRACE]   [OmnipathR] Creating ID mapping table from `id` to `accession`, for organism 9606 (only reviewed: TRUE)
[2025-04-16 11:26:19] [TRACE]   [OmnipathR] Loading all UniProt records for organism 9606 (only reviewed: TRUE); fields: id,accession
[2025-04-16 11:26:19] [TRACE]   [OmnipathR] Downloading by `generic_downloader`.
[2025-04-16 11:26:19] [TRACE]   [OmnipathR] Looking up in cache: `https://rest.uniprot.org/uniprotkb/stream?format=tsv&fields=id,accession&query=organism_id:9606%20AND%20reviewed:true`.
[2025-04-16 11:26:19] [TRACE]   [OmnipathR] Loaded data from RDS `/data/user/eschwall/.cache/OmnipathR/6558a1824894a625b8e3f80538cd3aa6e8a44379-1.rds`.
[2025-04-16 11:26:19] [SUCCESS] [OmnipathR] UniProt (rest.uniprot.org): loaded 20417 records from cache
[2025-04-16 11:26:19] [TRACE]   [OmnipathR] Translating complexes: 0 complexes in data.
[2025-04-16 11:26:19] [TRACE]   [OmnipathR] 0 complexes after removing the ones mapping to more than 1 items in target identifier space.
[2025-04-16 11:26:19] [TRACE]   [OmnipathR] Translated 0 complexes to 0.
[2025-04-16 11:26:19] [TRACE]   [OmnipathR] 13774 rows before translation, 13774 uniprot_entry IDs in column `id_organism_a`.
[2025-04-16 11:26:19] [TRACE]   [OmnipathR] 13774 rows after translation; translated 13570 `uniprot_entry` IDs in column `id_organism_a` to 13570 `uniprot` IDs in column `id_organism_a`.
[2025-04-16 11:26:19] [TRACE]   [OmnipathR] ID translation table: from `uniprot_entry` to `uniprot`, using `uniprot`.
[2025-04-16 11:26:19] [TRACE]   [OmnipathR] Creating ID mapping table from `id` to `accession`, for organism 10090 (only reviewed: TRUE)
[2025-04-16 11:26:19] [TRACE]   [OmnipathR] Loading all UniProt records for organism 10090 (only reviewed: TRUE); fields: id,accession
[2025-04-16 11:26:19] [TRACE]   [OmnipathR] Downloading by `generic_downloader`.
[2025-04-16 11:26:19] [TRACE]   [OmnipathR] Looking up in cache: `https://rest.uniprot.org/uniprotkb/stream?format=tsv&fields=id,accession&query=organism_id:10090%20AND%20reviewed:true`.
[2025-04-16 11:26:19] [TRACE]   [OmnipathR] Loaded data from RDS `/data/user/eschwall/.cache/OmnipathR/43ea5f2cdaa9ac7e0e114371af97235cdddd776f-1.rds`.
[2025-04-16 11:26:19] [SUCCESS] [OmnipathR] UniProt (rest.uniprot.org): loaded 17228 records from cache
[2025-04-16 11:26:20] [TRACE]   [OmnipathR] Translating complexes: 0 complexes in data.
[2025-04-16 11:26:20] [TRACE]   [OmnipathR] 0 complexes after removing the ones mapping to more than 1 items in target identifier space.
[2025-04-16 11:26:20] [TRACE]   [OmnipathR] Translated 0 complexes to 0.
[2025-04-16 11:26:20] [TRACE]   [OmnipathR] 13774 rows before translation, 13773 uniprot_entry IDs in column `id_organism_b`.
[2025-04-16 11:26:20] [TRACE]   [OmnipathR] 13774 rows after translation; translated 13273 `uniprot_entry` IDs in column `id_organism_b` to 13273 `uniprot` IDs in column `id_organism_b`.
[2025-04-16 11:26:20] [INFO]    [OmnipathR] Loaded database `Orthologous Matrix (OMA) gene pairs`.
[2025-04-16 11:26:20] [TRACE]   [OmnipathR] ID translation table: from `uniprot` to `genesymbol`, using `uniprot`.
[2025-04-16 11:26:20] [TRACE]   [OmnipathR] Creating ID mapping table from `accession` to `gene_primary`, for organism 10090 (only reviewed: TRUE)
[2025-04-16 11:26:20] [TRACE]   [OmnipathR] Loading all UniProt records for organism 10090 (only reviewed: TRUE); fields: accession,gene_primary
[2025-04-16 11:26:20] [TRACE]   [OmnipathR] Downloading by `generic_downloader`.
[2025-04-16 11:26:20] [TRACE]   [OmnipathR] Looking up in cache: `https://rest.uniprot.org/uniprotkb/stream?format=tsv&fields=accession,gene_primary&query=organism_id:10090%20AND%20reviewed:true`.
[2025-04-16 11:26:20] [TRACE]   [OmnipathR] Loaded data from RDS `/data/user/eschwall/.cache/OmnipathR/3ec84ba713c02573704adb50f1a94dab684df34b-1.rds`.
[2025-04-16 11:26:20] [SUCCESS] [OmnipathR] UniProt (rest.uniprot.org): loaded 17228 records from cache
[2025-04-16 11:26:20] [TRACE]   [OmnipathR] Translating complexes: 0 complexes in data.
[2025-04-16 11:26:20] [TRACE]   [OmnipathR] 0 complexes after removing the ones mapping to more than 1 items in target identifier space.
[2025-04-16 11:26:20] [TRACE]   [OmnipathR] Translated 0 complexes to 0.
[2025-04-16 11:26:20] [TRACE]   [OmnipathR] 164184 rows before translation, 12877 uniprot IDs in column `uniprot`.
[2025-04-16 11:26:20] [TRACE]   [OmnipathR] 164184 rows after translation; translated 12877 `uniprot` IDs in column `uniprot` to 12790 `genesymbol` IDs in column `genesymbol`.
[2025-04-16 11:31:25] [TRACE]   [OmnipathR] Removing database `Orthologous Matrix (OMA) gene pairs` (not used in the past 300 seconds)
[2025-04-16 14:26:25] [TRACE]   [OmnipathR] Removing database `Ensembl and OMA organism names` (not used in the past 10800 seconds)
[2025-04-16 14:43:50] [INFO]    [OmnipathR] Loading database `Ensembl and OMA organism names`.
[2025-04-16 14:43:50] [INFO]    [OmnipathR] Looking up in cache `https://www.ensembl.org/info/about/species.html`: key=7332486db7400730697234bad76ca0c8e4d00799, latest version=1.
[2025-04-16 14:43:50] [TRACE]   [OmnipathR] Cache file path: /data/user/eschwall/.cache/OmnipathR/7332486db7400730697234bad76ca0c8e4d00799-1.html
[2025-04-16 14:43:50] [TRACE]   [OmnipathR] Downloading by `generic_downloader`.
[2025-04-16 14:43:50] [TRACE]   [OmnipathR] Looking up in cache: `https://omabrowser.org/All/oma-species.txt`.
[2025-04-16 14:43:50] [TRACE]   [OmnipathR] Loaded data from RDS `/data/user/eschwall/.cache/OmnipathR/30e690cbb55dfc63b5903ab337f34ffc2f4be397-1.rds`.
[2025-04-16 14:43:50] [INFO]    [OmnipathR] Loaded database `Ensembl and OMA organism names`.
[2025-04-16 14:43:50] [TRACE]   [OmnipathR] Processing args for OmniPath query
[2025-04-16 14:43:50] [TRACE]   [OmnipathR] Arguments for OmniPath query: [dorothea_levels=[A,B,C,D],genesymbols=TRUE,organisms=10090,query_type=interactions,datasets=dorothea]
[2025-04-16 14:43:50] [TRACE]   [OmnipathR] Organism(s): 10090
[2025-04-16 14:43:50] [TRACE]   [OmnipathR] Orthology targets: 
[2025-04-16 14:43:50] [TRACE]   [OmnipathR] Looking up in cache: `https://omnipathdb.org/interactions?genesymbols=yes&datasets=dorothea&organisms=10090&dorothea_levels=A,B,C,D&fields=sources,references,curation_effort,dorothea_level&license=academic`
[2025-04-16 14:43:50] [TRACE]   [OmnipathR] Loaded data from RDS `/data/user/eschwall/.cache/OmnipathR/ff347dedf78ef5e38c9c6d8eed291fa901aa3791-1.rds`.
[2025-04-16 14:43:50] [INFO]    [OmnipathR] Loaded from cache: `https://omnipathdb.org/interactions?genesymbols=yes&datasets=dorothea&organisms=10090&dorothea_levels=A,B,C,D&fields=sources,references,curation_effort,dorothea_level&license=academic`
[2025-04-16 14:43:52] [SUCCESS] [OmnipathR] Loaded 234298 interactions from cache.
